Build started 2015-11-14 오후 8:03:45.
     1>Project "C:\Users\우준혁\Documents\Visual Studio 2013\Projects\Project3\Project3\Project3.vcxproj" on node 2 (Build target(s)).
     1>ClCompile:
         C:\Program Files (x86)\Microsoft Visual Studio 12.0\VC\bin\CL.exe /c /ZI /nologo /W3 /WX- /sdl /Od /Oy- /D _CRT_SECURE_NO_WARNINGS /D _MBCS /Gm /EHsc /RTC1 /MDd /GS /fp:precise /Zc:wchar_t /Zc:forScope /Fo"Debug\\" /Fd"Debug\vc120.pdb" /Gd /TP /analyze- /errorReport:prompt main.cpp
         main.cpp
     1>c:\program files (x86)\microsoft visual studio 12.0\vc\include\gl\gl.h : warning C4819: The file contains a character that cannot be represented in the current code page (949). Save the file in Unicode format to prevent data loss
     1>c:\users\우준혁\documents\visual studio 2013\projects\project3\project3\mat.h(565): warning C4172: returning address of local variable or temporary
     1>c:\users\우준혁\documents\visual studio 2013\projects\project3\project3\mat.h(595): warning C4244: 'initializing' : conversion from 'double' to 'GLfloat', possible loss of data
     1>c:\users\우준혁\documents\visual studio 2013\projects\project3\project3\mat.h(606): warning C4244: 'initializing' : conversion from 'double' to 'GLfloat', possible loss of data
     1>c:\users\우준혁\documents\visual studio 2013\projects\project3\project3\mat.h(617): warning C4244: 'initializing' : conversion from 'double' to 'GLfloat', possible loss of data
     1>c:\users\우준혁\documents\visual studio 2013\projects\project3\project3\mat.h(637): warning C4244: '=' : conversion from 'double' to 'GLfloat', possible loss of data
     1>c:\users\우준혁\documents\visual studio 2013\projects\project3\project3\mat.h(638): warning C4244: '=' : conversion from 'double' to 'GLfloat', possible loss of data
     1>c:\users\우준혁\documents\visual studio 2013\projects\project3\project3\mat.h(639): warning C4244: '=' : conversion from 'double' to 'GLfloat', possible loss of data
     1>c:\users\우준혁\documents\visual studio 2013\projects\project3\project3\mat.h(724): warning C4244: '=' : conversion from 'double' to 'GLfloat', possible loss of data
     1>c:\users\우준혁\documents\visual studio 2013\projects\project3\project3\mat.h(725): warning C4244: '=' : conversion from 'double' to 'GLfloat', possible loss of data
     1>c:\users\우준혁\documents\visual studio 2013\projects\project3\project3\mat.h(726): warning C4244: '=' : conversion from 'double' to 'GLfloat', possible loss of data
     1>c:\users\우준혁\documents\visual studio 2013\projects\project3\project3\mat.h(745): warning C4244: '=' : conversion from 'double' to 'GLfloat', possible loss of data
     1>c:\users\우준혁\documents\visual studio 2013\projects\project3\project3\mat.h(747): warning C4244: '=' : conversion from 'double' to 'GLfloat', possible loss of data
     1>c:\users\우준혁\documents\visual studio 2013\projects\project3\project3\mat.h(750): warning C4244: '=' : conversion from 'double' to 'GLfloat', possible loss of data
     1>c:\users\우준혁\documents\visual studio 2013\projects\project3\project3\mat.h(758): warning C4244: 'initializing' : conversion from 'double' to 'GLfloat', possible loss of data
     1>c:\users\우준혁\documents\visual studio 2013\projects\project3\project3\mat.h(765): warning C4244: '=' : conversion from 'double' to 'GLfloat', possible loss of data
     1>c:\users\우준혁\documents\visual studio 2013\projects\project3\project3\main.cpp(129): warning C4244: 'initializing' : conversion from 'double' to 'float', possible loss of data
     1>c:\users\우준혁\documents\visual studio 2013\projects\project3\project3\main.cpp(130): warning C4244: 'argument' : conversion from 'double' to 'const GLfloat', possible loss of data
     1>c:\users\우준혁\documents\visual studio 2013\projects\project3\project3\main.cpp(176): warning C4244: 'argument' : conversion from 'double' to 'const GLfloat', possible loss of data
     1>c:\users\우준혁\documents\visual studio 2013\projects\project3\project3\main.cpp(186): warning C4305: 'argument' : truncation from 'double' to 'GLfloat'
     1>c:\users\우준혁\documents\visual studio 2013\projects\project3\project3\main.cpp(191): warning C4244: 'argument' : conversion from 'double' to 'const GLfloat', possible loss of data
     1>c:\users\우준혁\documents\visual studio 2013\projects\project3\project3\main.cpp(193): warning C4244: 'argument' : conversion from 'double' to 'const GLfloat', possible loss of data
     1>c:\users\우준혁\documents\visual studio 2013\projects\project3\project3\main.cpp(198): warning C4305: 'argument' : truncation from 'double' to 'const GLfloat'
     1>c:\users\우준혁\documents\visual studio 2013\projects\project3\project3\main.cpp(200): warning C4305: 'argument' : truncation from 'double' to 'GLfloat'
     1>c:\users\우준혁\documents\visual studio 2013\projects\project3\project3\main.cpp(205): warning C4305: 'argument' : truncation from 'double' to 'const GLfloat'
     1>c:\users\우준혁\documents\visual studio 2013\projects\project3\project3\main.cpp(207): warning C4305: 'argument' : truncation from 'double' to 'GLfloat'
     1>c:\users\우준혁\documents\visual studio 2013\projects\project3\project3\main.cpp(212): warning C4305: 'argument' : truncation from 'double' to 'const GLfloat'
     1>c:\users\우준혁\documents\visual studio 2013\projects\project3\project3\main.cpp(214): warning C4305: 'argument' : truncation from 'double' to 'GLfloat'
     1>c:\users\우준혁\documents\visual studio 2013\projects\project3\project3\main.cpp(218): warning C4305: 'argument' : truncation from 'double' to 'const GLfloat'
     1>c:\users\우준혁\documents\visual studio 2013\projects\project3\project3\main.cpp(230): warning C4305: 'argument' : truncation from 'double' to 'const GLfloat'
     1>c:\users\우준혁\documents\visual studio 2013\projects\project3\project3\main.cpp(236): warning C4305: 'argument' : truncation from 'double' to 'const GLfloat'
     1>c:\users\우준혁\documents\visual studio 2013\projects\project3\project3\main.cpp(243): warning C4305: 'argument' : truncation from 'double' to 'const GLfloat'
     1>c:\users\우준혁\documents\visual studio 2013\projects\project3\project3\main.cpp(250): warning C4305: 'argument' : truncation from 'double' to 'const GLfloat'
     1>c:\users\우준혁\documents\visual studio 2013\projects\project3\project3\main.cpp(257): warning C4305: 'argument' : truncation from 'double' to 'const GLfloat'
     1>c:\users\우준혁\documents\visual studio 2013\projects\project3\project3\main.cpp(264): warning C4305: 'argument' : truncation from 'double' to 'const GLfloat'
     1>c:\users\우준혁\documents\visual studio 2013\projects\project3\project3\main.cpp(271): warning C4305: 'argument' : truncation from 'double' to 'const GLfloat'
     1>c:\users\우준혁\documents\visual studio 2013\projects\project3\project3\main.cpp(278): warning C4305: 'argument' : truncation from 'double' to 'const GLfloat'
     1>c:\users\우준혁\documents\visual studio 2013\projects\project3\project3\main.cpp(285): warning C4305: 'argument' : truncation from 'double' to 'const GLfloat'
     1>c:\users\우준혁\documents\visual studio 2013\projects\project3\project3\main.cpp(292): warning C4305: 'argument' : truncation from 'double' to 'const GLfloat'
     1>c:\users\우준혁\documents\visual studio 2013\projects\project3\project3\main.cpp(299): warning C4305: 'argument' : truncation from 'double' to 'const GLfloat'
     1>c:\users\우준혁\documents\visual studio 2013\projects\project3\project3\main.cpp(306): warning C4305: 'argument' : truncation from 'double' to 'const GLfloat'
     1>c:\users\우준혁\documents\visual studio 2013\projects\project3\project3\main.cpp(313): warning C4305: 'argument' : truncation from 'double' to 'const GLfloat'
     1>c:\users\우준혁\documents\visual studio 2013\projects\project3\project3\main.cpp(320): warning C4305: 'argument' : truncation from 'double' to 'const GLfloat'
     1>c:\users\우준혁\documents\visual studio 2013\projects\project3\project3\main.cpp(327): warning C4305: 'argument' : truncation from 'double' to 'const GLfloat'
     1>c:\users\우준혁\documents\visual studio 2013\projects\project3\project3\main.cpp(334): warning C4305: 'argument' : truncation from 'double' to 'const GLfloat'
     1>c:\users\우준혁\documents\visual studio 2013\projects\project3\project3\main.cpp(341): warning C4305: 'argument' : truncation from 'double' to 'const GLfloat'
     1>c:\users\우준혁\documents\visual studio 2013\projects\project3\project3\main.cpp(348): warning C4305: 'argument' : truncation from 'double' to 'const GLfloat'
     1>c:\users\우준혁\documents\visual studio 2013\projects\project3\project3\main.cpp(355): warning C4305: 'argument' : truncation from 'double' to 'const GLfloat'
     1>c:\users\우준혁\documents\visual studio 2013\projects\project3\project3\main.cpp(362): warning C4305: 'argument' : truncation from 'double' to 'const GLfloat'
     1>c:\users\우준혁\documents\visual studio 2013\projects\project3\project3\main.cpp(376): warning C4305: 'argument' : truncation from 'double' to 'GLfloat'
     1>c:\users\우준혁\documents\visual studio 2013\projects\project3\project3\main.cpp(381): warning C4305: 'argument' : truncation from 'double' to 'const GLfloat'
     1>c:\users\우준혁\documents\visual studio 2013\projects\project3\project3\main.cpp(383): warning C4305: 'argument' : truncation from 'double' to 'GLfloat'
     1>c:\users\우준혁\documents\visual studio 2013\projects\project3\project3\main.cpp(393): warning C4305: 'argument' : truncation from 'double' to 'const GLfloat'
     1>c:\users\우준혁\documents\visual studio 2013\projects\project3\project3\main.cpp(404): warning C4305: 'argument' : truncation from 'double' to 'const GLfloat'
     1>c:\users\우준혁\documents\visual studio 2013\projects\project3\project3\main.cpp(406): warning C4305: 'argument' : truncation from 'double' to 'GLfloat'
     1>c:\users\우준혁\documents\visual studio 2013\projects\project3\project3\main.cpp(415): warning C4305: 'argument' : truncation from 'double' to 'const GLfloat'
     1>c:\users\우준혁\documents\visual studio 2013\projects\project3\project3\main.cpp(417): warning C4305: 'argument' : truncation from 'double' to 'GLfloat'
     1>c:\users\우준혁\documents\visual studio 2013\projects\project3\project3\main.cpp(450): warning C4244: '=' : conversion from 'double' to 'float', possible loss of data
     1>c:\users\우준혁\documents\visual studio 2013\projects\project3\project3\main.cpp(451): warning C4244: '=' : conversion from 'double' to 'float', possible loss of data
     1>c:\users\우준혁\documents\visual studio 2013\projects\project3\project3\main.cpp(472): warning C4244: '=' : conversion from 'double' to 'float', possible loss of data
     1>c:\users\우준혁\documents\visual studio 2013\projects\project3\project3\main.cpp(474): warning C4244: '=' : conversion from 'double' to 'float', possible loss of data
     1>c:\users\우준혁\documents\visual studio 2013\projects\project3\project3\main.cpp(480): warning C4244: '=' : conversion from 'double' to 'float', possible loss of data
     1>c:\users\우준혁\documents\visual studio 2013\projects\project3\project3\main.cpp(481): warning C4244: '=' : conversion from 'double' to 'float', possible loss of data
     1>c:\users\우준혁\documents\visual studio 2013\projects\project3\project3\main.cpp(537): warning C4244: '=' : conversion from 'double' to 'float', possible loss of data
     1>c:\users\우준혁\documents\visual studio 2013\projects\project3\project3\main.cpp(542): warning C4305: '=' : truncation from 'double' to 'float'
     1>c:\users\우준혁\documents\visual studio 2013\projects\project3\project3\main.cpp(544): warning C4244: '=' : conversion from 'double' to 'float', possible loss of data
     1>c:\users\우준혁\documents\visual studio 2013\projects\project3\project3\main.cpp(602): warning C4018: '<' : signed/unsigned mismatch
     1>c:\users\우준혁\documents\visual studio 2013\projects\project3\project3\main.cpp(607): warning C4244: '=' : conversion from 'double' to 'float', possible loss of data
     1>c:\users\우준혁\documents\visual studio 2013\projects\project3\project3\main.cpp(617): warning C4244: '=' : conversion from 'double' to 'float', possible loss of data
     1>c:\users\우준혁\documents\visual studio 2013\projects\project3\project3\main.cpp(597): warning C4101: 'a1' : unreferenced local variable
     1>c:\users\우준혁\documents\visual studio 2013\projects\project3\project3\main.cpp(598): warning C4101: 't2' : unreferenced local variable
     1>c:\users\우준혁\documents\visual studio 2013\projects\project3\project3\main.cpp(597): warning C4101: 'b2' : unreferenced local variable
     1>c:\users\우준혁\documents\visual studio 2013\projects\project3\project3\main.cpp(598): warning C4101: 't3' : unreferenced local variable
     1>c:\users\우준혁\documents\visual studio 2013\projects\project3\project3\main.cpp(598): warning C4101: 't1' : unreferenced local variable
     1>c:\users\우준혁\documents\visual studio 2013\projects\project3\project3\main.cpp(597): warning C4101: 'c' : unreferenced local variable
     1>c:\users\우준혁\documents\visual studio 2013\projects\project3\project3\main.cpp(597): warning C4101: 'a3' : unreferenced local variable
     1>c:\users\우준혁\documents\visual studio 2013\projects\project3\project3\main.cpp(597): warning C4101: 'a2' : unreferenced local variable
     1>c:\users\우준혁\documents\visual studio 2013\projects\project3\project3\main.cpp(598): warning C4101: 't0' : unreferenced local variable
     1>c:\users\우준혁\documents\visual studio 2013\projects\project3\project3\main.cpp(597): warning C4101: 'b1' : unreferenced local variable
       Link:
         C:\Program Files (x86)\Microsoft Visual Studio 12.0\VC\bin\link.exe /ERRORREPORT:PROMPT /OUT:"C:\Users\우준혁\Documents\Visual Studio 2013\Projects\Project3\Debug\Project3.exe" /INCREMENTAL /NOLOGO kernel32.lib user32.lib gdi32.lib winspool.lib comdlg32.lib advapi32.lib shell32.lib ole32.lib oleaut32.lib uuid.lib odbc32.lib odbccp32.lib /MANIFEST /MANIFESTUAC:"level='asInvoker' uiAccess='false'" /manifest:embed /DEBUG /PDB:"C:\Users\우준혁\Documents\Visual Studio 2013\Projects\Project3\Debug\Project3.pdb" /TLBID:1 /DYNAMICBASE /NXCOMPAT /IMPLIB:"C:\Users\우준혁\Documents\Visual Studio 2013\Projects\Project3\Debug\Project3.lib" /MACHINE:X86 Debug\cube.obj
         Debug\glusupport.obj
         Debug\main.obj
         Debug\plane.obj
         Project3.vcxproj -> C:\Users\우준혁\Documents\Visual Studio 2013\Projects\Project3\Debug\Project3.exe
     1>Done Building Project "C:\Users\우준혁\Documents\Visual Studio 2013\Projects\Project3\Project3\Project3.vcxproj" (Build target(s)).

Build succeeded.

Time Elapsed 00:00:02.34
