Build started 2015-10-13 오후 6:54:56.
     1>Project "c:\Users\우준혁\documents\visual studio 2013\Projects\InComGra_HW3\InComGra_HW3\InComGra_HW3.vcxproj" on node 2 (Build target(s)).
     1>ClCompile:
         C:\Program Files (x86)\Microsoft Visual Studio 12.0\VC\bin\CL.exe /c /ZI /nologo /W3 /WX- /sdl /Od /Oy- /D _MBCS /Gm /EHsc /RTC1 /MDd /GS /fp:precise /Zc:wchar_t /Zc:forScope /Fo"Debug\\" /Fd"Debug\vc120.pdb" /Gd /TP /analyze- /errorReport:prompt Homewrok3.cpp
         Homewrok3.cpp
     1>c:\program files (x86)\microsoft visual studio 12.0\vc\include\gl\gl.h : warning C4819: The file contains a character that cannot be represented in the current code page (949). Save the file in Unicode format to prevent data loss
     1>c:\program files (x86)\microsoft visual studio 12.0\vc\include\mat.h(507): warning C4172: returning address of local variable or temporary
     1>c:\program files (x86)\microsoft visual studio 12.0\vc\include\mat.h(537): warning C4244: 'initializing' : conversion from 'double' to 'GLfloat', possible loss of data
     1>c:\program files (x86)\microsoft visual studio 12.0\vc\include\mat.h(548): warning C4244: 'initializing' : conversion from 'double' to 'GLfloat', possible loss of data
     1>c:\program files (x86)\microsoft visual studio 12.0\vc\include\mat.h(559): warning C4244: 'initializing' : conversion from 'double' to 'GLfloat', possible loss of data
     1>c:\program files (x86)\microsoft visual studio 12.0\vc\include\mat.h(579): warning C4244: '=' : conversion from 'double' to 'GLfloat', possible loss of data
     1>c:\program files (x86)\microsoft visual studio 12.0\vc\include\mat.h(580): warning C4244: '=' : conversion from 'double' to 'GLfloat', possible loss of data
     1>c:\program files (x86)\microsoft visual studio 12.0\vc\include\mat.h(581): warning C4244: '=' : conversion from 'double' to 'GLfloat', possible loss of data
     1>c:\program files (x86)\microsoft visual studio 12.0\vc\include\mat.h(703): warning C4244: '=' : conversion from 'double' to 'GLfloat', possible loss of data
     1>c:\program files (x86)\microsoft visual studio 12.0\vc\include\mat.h(705): warning C4244: '=' : conversion from 'double' to 'GLfloat', possible loss of data
     1>c:\program files (x86)\microsoft visual studio 12.0\vc\include\mat.h(708): warning C4244: '=' : conversion from 'double' to 'GLfloat', possible loss of data
     1>c:\program files (x86)\microsoft visual studio 12.0\vc\include\mat.h(716): warning C4244: 'initializing' : conversion from 'double' to 'GLfloat', possible loss of data
     1>c:\program files (x86)\microsoft visual studio 12.0\vc\include\mat.h(723): warning C4244: '=' : conversion from 'double' to 'GLfloat', possible loss of data
     1>c:\users\우준혁\documents\visual studio 2013\projects\incomgra_hw3\incomgra_hw3\homewrok3.cpp(26): warning C4305: 'argument' : truncation from 'double' to 'GLfloat'
     1>c:\users\우준혁\documents\visual studio 2013\projects\incomgra_hw3\incomgra_hw3\homewrok3.cpp(27): warning C4305: 'argument' : truncation from 'double' to 'GLfloat'
     1>c:\users\우준혁\documents\visual studio 2013\projects\incomgra_hw3\incomgra_hw3\homewrok3.cpp(28): warning C4305: 'argument' : truncation from 'double' to 'GLfloat'
     1>c:\users\우준혁\documents\visual studio 2013\projects\incomgra_hw3\incomgra_hw3\homewrok3.cpp(29): warning C4305: 'argument' : truncation from 'double' to 'GLfloat'
     1>c:\users\우준혁\documents\visual studio 2013\projects\incomgra_hw3\incomgra_hw3\homewrok3.cpp(30): warning C4305: 'argument' : truncation from 'double' to 'GLfloat'
     1>c:\users\우준혁\documents\visual studio 2013\projects\incomgra_hw3\incomgra_hw3\homewrok3.cpp(31): warning C4305: 'argument' : truncation from 'double' to 'GLfloat'
     1>c:\users\우준혁\documents\visual studio 2013\projects\incomgra_hw3\incomgra_hw3\homewrok3.cpp(32): warning C4305: 'argument' : truncation from 'double' to 'GLfloat'
     1>c:\users\우준혁\documents\visual studio 2013\projects\incomgra_hw3\incomgra_hw3\homewrok3.cpp(33): warning C4305: 'argument' : truncation from 'double' to 'GLfloat'
     1>c:\users\우준혁\documents\visual studio 2013\projects\incomgra_hw3\incomgra_hw3\homewrok3.cpp(79): warning C4305: 'argument' : truncation from 'double' to 'GLfloat'
     1>c:\users\우준혁\documents\visual studio 2013\projects\incomgra_hw3\incomgra_hw3\homewrok3.cpp(91): warning C4244: 'argument' : conversion from 'double' to 'const GLfloat', possible loss of data
     1>c:\users\우준혁\documents\visual studio 2013\projects\incomgra_hw3\incomgra_hw3\homewrok3.cpp(93): warning C4305: 'argument' : truncation from 'double' to 'float'
     1>c:\users\우준혁\documents\visual studio 2013\projects\incomgra_hw3\incomgra_hw3\homewrok3.cpp(110): warning C4305: '+=' : truncation from 'double' to 'float'
     1>c:\users\우준혁\documents\visual studio 2013\projects\incomgra_hw3\incomgra_hw3\homewrok3.cpp(111): warning C4305: '+=' : truncation from 'double' to 'float'
       Link:
         C:\Program Files (x86)\Microsoft Visual Studio 12.0\VC\bin\link.exe /ERRORREPORT:PROMPT /OUT:"c:\users\우준혁\documents\visual studio 2013\Projects\InComGra_HW3\Debug\InComGra_HW3.exe" /INCREMENTAL /NOLOGO kernel32.lib user32.lib gdi32.lib winspool.lib comdlg32.lib advapi32.lib shell32.lib ole32.lib oleaut32.lib uuid.lib odbc32.lib odbccp32.lib /MANIFEST /MANIFESTUAC:"level='asInvoker' uiAccess='false'" /manifest:embed /DEBUG /PDB:"c:\users\우준혁\documents\visual studio 2013\Projects\InComGra_HW3\Debug\InComGra_HW3.pdb" /TLBID:1 /DYNAMICBASE /NXCOMPAT /IMPLIB:"c:\users\우준혁\documents\visual studio 2013\Projects\InComGra_HW3\Debug\InComGra_HW3.lib" /MACHINE:X86 Debug\Homewrok3.obj
         InComGra_HW3.vcxproj -> c:\users\우준혁\documents\visual studio 2013\Projects\InComGra_HW3\Debug\InComGra_HW3.exe
     1>Done Building Project "c:\Users\우준혁\documents\visual studio 2013\Projects\InComGra_HW3\InComGra_HW3\InComGra_HW3.vcxproj" (Build target(s)).

Build succeeded.

Time Elapsed 00:00:01.75
